X Y
U2 RF2
0 0
0 -0
9.999999747e-05 0.01344379317
0.0001999999949 0.02688557282
0.0003000000142 0.04032301158
0.0003999999899 0.05375379324
0.0005000000237 0.0671755895
0.0006000000285 0.08058608323
0.000699999975 0.09398294985
0.0007999999798 0.1073638722
0.0008999999845 0.1207265407
0.001000000047 0.1340686381
0.001099999994 0.1473878324
0.001200000057 0.1606818438
0.001300000004 0.1739483327
0.00139999995 0.1871850193
0.001500000013 0.2003895789
0.00159999996 0.2135597318
0.001700000023 0.2266931534
0.001799999969 0.2397875488
0.001900000032 0.2528406382
0.002000000095 0.2658500969
0.002099999925 0.2788136303
0.002199999988 0.2917289734
0.002300000051 0.3045938015
0.002400000114 0.3174058199
0.002499999944 0.3301626742
0.002600000007 0.3428621292
0.00270000007 0.3555018306
0.0027999999 0.3680794239
0.002899999963 0.3805925846
0.003000000026 0.3930389881
0.003100000089 0.4054162204
0.003199999919 0.4177218676
0.003299999982 0.4299535453
0.003400000045 0.4421087503
0.003500000108 0.454185009
0.003599999938 0.4661797583
0.003700000001 0.4780903757
0.003800000064 0.4899141788
0.003899999894 0.5016484261
0.00400000019 0.5132901669
0.00410000002 0.5248364806
0.00419999985 0.5362841487
0.004300000146 0.5476298332
0.004399999976 0.5588699579
0.004499999806 0.5700005293
0.004600000102 0.581017375
0.004699999932 0.5919156671
0.004800000228 0.6026900411
0.004900000058 0.6133342981
0.004999999888 0.6238409877
0.004999999888 0.6238409877
0.005100000184 0.6337149143
0.005200000014 0.6438679695
0.005299999844 0.6538337469
0.00540000014 0.663582325
0.00549999997 0.6730633378
0.0055999998 0.6821750998
0.005700000096 0.6906329989
0.005799999926 0.6963359714
0.005900000222 0.6093072891
0.006000000052 0.494858712
0.006099999882 0.3579716682
0.006200000178 0.1985903829
0.006300000008 0.0001635939261
0.006399999838 0.0001622473064
0.006500000134 0.0001610349718
0.006599999964 0.0001599484967
0.006699999794 0.0001589789754
0.00680000009 0.0001581183606
0.00689999992 0.0001573597692
0.007000000216 0.0001566957799
