{
  "bottom": [
    1,
    2,
    3,
    4,
    5,
    6,
    7,
    8,
    9,
    10,
    11,
    12,
    13,
    14,
    15,
    16,
    17,
    18,
    19,
    20,
    21,
    22,
    23,
    24,
    25,
    26,
    27,
    28,
    29,
    30,
    31,
    32,
    33,
    34,
    35,
    36,
    37,
    38,
    39,
    40,
    41
  ],
  "bottoml": [
    1
  ],
  "has_y0": true,
  "n_elements": 1600,
  "n_nodes": 1699,
  "notch_length_mm": 0.45,
  "notch_lower": [
    821,
    823,
    825,
    827,
    829,
    831,
    833,
    835,
    837,
    839,
    841,
    843,
    845,
    847,
    849,
    851,
    853,
    855
  ],
  "notch_split": true,
  "notch_upper": [
    822,
    824,
    826,
    828,
    830,
    832,
    834,
    836,
    838,
    840,
    842,
    844,
    846,
    848,
    850,
    852,
    854,
    856
  ],
  "tip_x": -0.04999999999999999,
  "top": [
    1659,
    1660,
    1661,
    1662,
    1663,
    1664,
    1665,
    1666,
    1667,
    1668,
    1669,
    1670,
    1671,
    1672,
    1673,
    1674,
    1675,
    1676,
    1677,
    1678,
    1679,
    1680,
    1681,
    1682,
    1683,
    1684,
    1685,
    1686,
    1687,
    1688,
    1689,
    1690,
    1691,
    1692,
    1693,
    1694,
    1695,
    1696,
    1697,
    1698,
    1699
  ],
  "topl": [
    1659
  ]
}
{
  "H0_refined": {
    "case_id": "H0_refined",
    "config_id": "molnar_h0_h1_unified",
    "corridor_h_over_lc_median": null,
    "corridor_stats": {
      "all_h_median": 0.025000000000000022,
      "corridor_edge_count": 0,
      "corridor_h_max": null,
      "corridor_h_mean": null,
      "corridor_h_median": null,
      "corridor_h_min": null
    },
    "deck_path": "runs/hpc/stage_c2/automation_smoke/h0_notch045/layered/H0_refined_layered/H0_refined_fullgen.inp",
    "deck_sha256": "76939c4faa16e836c8efba51db4b3ce6739c8bbe081347eb7249ecbed4f636b2",
    "dry_run": false,
    "fortran_n_elem": {
      "n_elem_occurrences": 2,
      "only_n_elem_changed": true,
      "physical_elements": 1600,
      "sha256": "a4b09f45d3334f554d24781ef62b27ff8ae092e20e6fa94da0724f24ca71f887"
    },
    "fortran_path": "runs/hpc/stage_c2/automation_smoke/h0_notch045/layered/H0_refined_layered/H0_refined_fullgen.for",
    "fortran_sha256": "a4b09f45d3334f554d24781ef62b27ff8ae092e20e6fa94da0724f24ca71f887",
    "frozen_h0_equivalence": null,
    "generation_mode": "full_layered_pipeline",
    "hpc_submission_authorized": false,
    "label_offsets": {
      "CPS4": "3201..4800",
      "U1": "1..1600",
      "U2": "1601..3200"
    },
    "layer_mapping_sha256": "c8874067c0a4e57709b439f0d6c457422267752ab9e7590b2501526330386a5b",
    "layered_elements": 4800,
    "length_scale_mm": 0.015,
    "local_target_h_mm": 0.0025,
    "mesh_elements_sha256": "20b28e144b98e03bdc4de73bcdf2523179a617b8b9db231ab6ce0600bc83c460",
    "mesh_nodes_sha256": "721f176f04ded83de66d0f987f781c8acd03b2cedce1d729ec89245c94c0c649",
    "node_count_part": 1699,
    "output_profile": "fracture_baseline",
    "phase_field_convention": {
      "broken": 1,
      "intact": 0
    },
    "physical_elements": 1600,
    "physical_mesh_source": "external_csv_refined_physical",
    "target_h_over_lc": 0.16666666666666669
  }
}
{
  "status": "pass",
  "failed": []
}
{
  "notch_length_mm": 0.45,
  "notch_length_ok": true,
  "has_y0": true,
  "notch_split": true,
  "n_notch_lower": 18,
  "n_notch_upper": 18,
  "static_validation": "pass",
  "n_elements": 1600
}
probe_deck_ok
T5_PASS {'stage': 'T5_h0_automation_smoke', 'classification': 'automation_smoke_pass', 'job_id': '1376758.mmaster02', 'notch_length_mm': 0.45, 'solver_executed': True, 'U_probe': 9.9999997e-05, 'RF2': 0.0147068165243, 'K_probe': 147.0681696550451, 'note': 'Workflow smoke only; not a thesis fracture reference comparison'}
