X Y
U2 RF2
0 0
0 -0
9.999999747e-05 0.01345227472
0.0001999999949 0.02690253407
0.0003000000142 0.04034845531
0.0003999999899 0.05378771946
0.0005000000237 0.06721799821
0.0006000000285 0.0806369707
0.000699999975 0.09404231608
0.0007999999798 0.1074317172
0.0008999999845 0.1208028644
0.001000000047 0.1341534406
0.001099999994 0.1474811137
0.001200000057 0.1607836038
0.001300000004 0.1740585715
0.00139999995 0.1873037368
0.001500000013 0.2005167902
0.00159999996 0.2136954218
0.001700000023 0.226837337
0.001799999969 0.2399402261
0.001900000032 0.2530018091
0.002000000095 0.2660197914
0.002099999925 0.2789918482
0.002199999988 0.2919157147
0.002300000051 0.3047890663
0.002400000114 0.317609638
0.002499999944 0.3303751051
0.002600000007 0.3430831432
0.00270000007 0.3557314575
0.0027999999 0.3683177531
0.002899999963 0.3808396161
0.003000000026 0.3932947516
0.003100000089 0.4056807756
0.003199999919 0.4179953039
0.003299999982 0.4302359223
0.003400000045 0.4424001575
0.003500000108 0.4544855356
0.003599999938 0.4664895535
0.003700000001 0.4784095585
0.003800000064 0.4902429283
0.003899999894 0.5019869208
0.00400000019 0.5136386752
0.00410000002 0.525195241
0.00419999985 0.5366535187
0.004300000146 0.5480102301
0.004399999976 0.5592617989
0.004499999806 0.57040447
0.004600000102 0.5814341903
0.004699999932 0.592346251
0.004800000228 0.6031356454
0.004900000058 0.6137963533
0.004999999888 0.6243215799
0.004999999888 0.6243215799
0.005100000184 0.6342260838
0.005200000014 0.6444083452
0.005299999844 0.6544115543
0.00540000014 0.6642113328
0.00549999997 0.6737692952
0.0055999998 0.6830168962
0.005700000096 0.6918013096
0.005799999926 0.6996044517
0.005900000222 0.6922142506
0.006000000052 0.5786359906
0.006099999882 0.4532241225
0.006200000178 0.304168582
0.006300000008 0.09969636798
0.006399999838 0.0003334039939
0.006500000134 0.0003234090109
0.006599999964 0.0003139622277
0.006699999794 0.0003050251398
0.00680000009 0.0002965625317
0.00689999992 0.0002885422145
0.007000000216 0.0002809348225
