0
1
0
Assembly-1
1
PART-1-1
PART-1
1
PART-1-1
16
-2147483647
0
56 1 16 7 0 1 0 -1 -1 13202 1 -1342177277 1 6601 2 100000 
0
1
PART-1-1
14
-2147483647
0
48 1 16 5 0 1 0 -1 -1 19200 1 -1879048189 1 19200 
0
0
1
PART-1-1
3
DISP
0
1
14
-2147483647
48 1 16 5 0 1 0 -1 -1 6400 1 -1879048189 6401 6400 
0
0
PHASE
0
1
14
-2147483647
48 1 16 5 0 1 0 -1 -1 6400 1 -1879048189 1 6400 
0
0
UMATVIS
0
1
14
-2147483647
48 1 16 5 0 1 0 -1 -1 6400 1 -1879048189 12801 6400 
0
0
0
0
1
PART-1-1
5
ACTIVE_PHASE
0
1
220
-2147483647
872 1 16 211 0 1 0 -1 -1 1880 1 -1073741821 6 6592 613557673 536944642 608206849 618210505 71902409 1236420809 1208109362 -1859123054 -1840768444 153393444 1150289412 4793498 1301807113 1210370338 1284636674 -1871903984 1529123337 1091604770 160564368 537166024 -1725648351 679137892 306333961 1623982952 -1841147391 -1870525308 20977673 553648400 147399969 1252868269 711348754 943753361 -1608215230 -2003284851 704665256 697436160 -1605103342 -1863057240 76598018 813697 276635914 17319972 1073754116 -1542880111 4366418 402785144 -2113863099 369496080 1142498917 51466912 -2071330559 2081722626 1593408 588349696 -1555398336 1684862980 719635556 56688706 143169688 1231114328 262296 654627360 1946298370 142868487 -1542385024 96470704 -1983295231 1225040256 134348833 153109666 -2135359415 1246838784 1379188757 -2113917181 306750538 319317324 343937152 882776321 -2146892416 286597807 -113221378 592447491 136093697 -1073696736 1485901824 1032094466 269422848 -1114562551 572916238 -972742703 -2002615776 -2147281843 -429620983 1276232321 -1593245694 878706730 1054267682 -89456560 -1687248513 1085276164 5 1642469496 1560 1430283136 -1138053163 -2147483059 1049218 613425152 -1459353377 1700134890 -2146277084 447238154 325951520 68235232 -1567979195 1079508993 806494217 147496 1074954246 304087261 721685356 -1576201083 9942116 -2036318208 143055047 -1610612718 142608640 1231077388 289755712 74575416 -1908406340 9054250 8459204 1431651480 1140863078 18890760 671090698 -589160028 33927472 223477925 639632922 178868512 606209 1093926912 394414592 -2078087788 155331085 -1857901451 1417872384 40896640 -2044723020 -1470494656 688566816 -2077030858 134484229 40142468 -1834401182 8012050 590561280 -2140667568 1621201028 -629140890 125304852 -1845223392 1392648448 272629760 1381307460 -1409023871 545851405 1347028137 -2130705920 894585616 -1827665883 -1232051200 1111623844 -2139291483 357056572 83892522 -1837756414 -1600847210 1610877653 17376460 1411401994 1216758113 -1332469118 33720386 161780508 1385466120 637568153 881889481 152313856 154291273 1380485413 -1719529062 37827136 570729601 1083318884 154281106 1153975489 -2128312026 -1994110716 -2109437552 38343241 -1233055671 19171620 134218020 
0
0
ANCHOR
0
1
1
100001 
0
0
BOTTOM
0
1
81
100001 100002 100003 100004 100005 100006 100007 100008 100009 100010 100011 100012 100013 100014 100015 100016 100017 100018 100019 100020 100021 100022 100023 100024 100025 100026 100027 100028 100029 100030 100031 100032 100033 100034 100035 100036 100037 100038 100039 100040 100041 100042 100043 100044 100045 100046 100047 100048 100049 100050 100051 100052 100053 100054 100055 100056 100057 100058 100059 100060 100061 100062 100063 100064 100065 100066 100067 100068 100069 100070 100071 100072 100073 100074 100075 100076 100077 100078 100079 100080 100081 
0
0
FREE_PHASE
0
1
221
-2147483647
876 1 16 212 0 1 0 -1 -1 4721 1 -1073741821 1 6624 1840990943 -2359365 2012217307 1692100315 1994090203 -910760225 -4793930 -637604426 -1224951955 -613622931 1845444478 -153391945 1291845343 -77145162 1841299382 -228614666 -1687306547 -571614284 -843092489 -9443586 -613827621 -257576084 -1212752166 -427846915 -1212825645 -272732307 -671285555 -536879617 -421831717 -1437078946 -1288323658 -135336486 -76720200 -319394229 -1074451730 -843120646 -176300614 -511710485 1843830701 -26038305 -262414657 -554239107 -393345 2127523287 -139725397 -4222721 -1075857572 1061027311 2094740317 -1646941193 1858068447 2104352687 -50989072 -1647321089 -1766860805 1918959467 -1553501325 -1814038598 -286462721 -740952834 -8393482 526760959 2142961595 -276824303 2111680510 1207904747 -959062049 -546582546 -4195370 -604542018 -387975458 -1244135441 -1184367274 -1074126955 -1226082641 -1628219779 1878913021 1815928797 -18919431 -581195249 -671883203 -1778450560 -60031013 -1442818 -304218137 1332715444 -31596552 1306263261 -1153450456 1062995419 -340804633 -6457778 862969551 2110238659 -555745354 1946155691 623172537 -1432357384 -1842622464 -369098900 -169 -1019416321 -49933 1475579903 2057962837 -18872 -33574993 1845231615 -545332197 1430258346 -38610061 -1426719057 -1840514052 2111439869 -1364273313 -184549429 -38011177 -4719879 -38797505 -1140857769 -1619094915 -1101172902 -318147733 737673215 -282794225 -578 -268509205 -739770754 -682248202 1908553981 939460735 -289736018 -270694529 1431792895 2147087157 -604504329 -65857 1673251706 -1085679132 1438640991 1006582974 -1428825093 -19398690 -645922817 263634935 2074299773 -675627441 -676695714 1872723949 -1308692491 1006627199 -188811281 -559301654 2040478010 -8528049 -1284558978 -1428704321 -256385619 -1718091777 -218114565 -338825361 -1342328013 285212004 -1082393601 -1615077395 -134217739 -1252165763 2139090901 -287375798 -155227429 -536887307 1438031343 -1644233895 770932717 -1212224663 -262149289 1459091567 1610406589 -1321336897 -312496851 -8477365 -556046733 2079776447 -281553963 -310661194 -1079052375 -882008961 -1385242882 1072655573 1844307675 -579076103 -642353442 -1225860258 -809644875 -1210468372 -1083478049 -306465925 -642028105 1727490014 -613491913 -612966545 -1217475090 -1226983729 803075807 -613491863 -9345 510 
0
0
TOP
0
1
81
106521 106522 106523 106524 106525 106526 106527 106528 106529 106530 106531 106532 106533 106534 106535 106536 106537 106538 106539 106540 106541 106542 106543 106544 106545 106546 106547 106548 106549 106550 106551 106552 106553 106554 106555 106556 106557 106558 106559 106560 106561 106562 106563 106564 106565 106566 106567 106568 106569 106570 106571 106572 106573 106574 106575 106576 106577 106578 106579 106580 106581 106582 106583 106584 106585 106586 106587 106588 106589 106590 106591 106592 106593 106594 106595 106596 106597 106598 106599 106600 106601 
0
0
0
0
0
