0
1
0
Assembly-1
1
PART-1-1
PART-1
1
PART-1-1
16
-2147483647
0
56 1 16 7 0 1 0 -1 -1 13202 1 -1342177277 1 6601 2 100000 
0
1
PART-1-1
14
-2147483647
0
48 1 16 5 0 1 0 -1 -1 19200 1 -1879048189 1 19200 
0
0
1
PART-1-1
3
DISP
0
1
14
-2147483647
48 1 16 5 0 1 0 -1 -1 6400 1 -1879048189 6401 6400 
0
0
PHASE
0
1
14
-2147483647
48 1 16 5 0 1 0 -1 -1 6400 1 -1879048189 1 6400 
0
0
UMATVIS
0
1
14
-2147483647
48 1 16 5 0 1 0 -1 -1 6400 1 -1879048189 12801 6400 
0
0
0
0
1
PART-1-1
5
ACTIVE_PHASE
0
1
165
-2147483647
652 1 16 156 0 1 0 -1 -1 6446 47 -1879048143 -1879048141 -1879048139 -1879048137 -1879048135 -1879048133 -1879048131 -1879048129 -1342177215 -1879048123 -1879048121 -1879048119 -1879048117 -1879048115 -1879048113 -1879048111 -1610612653 -1879048106 -1879048104 -1879048102 -1342177188 -1879048096 -1879048094 -1879048092 -1342177178 -1879048086 -1879048084 -1879048082 -1610612624 -1879048077 -1879048075 -1879048073 -1879048071 -1879048069 -1879048067 -1879048065 -1342177151 -1879048059 -1342177145 -1879048053 -1610612595 -1879048048 -1879048046 -1879048044 -1879048042 -1879048040 -1879048038 1 251 253 77 331 80 413 243 657 80 738 1893 2636 60 2697 14 2714 1 2 3 2719 72 2793 1 2802 69 2872 1 2879 2 2884 60 2946 6 2953 2 5 2965 60 3026 1 3028 6 3038 1 2 5 3045 70 3116 1 3126 70 3197 1 2 7 3206 106 3313 1 3315 2 3324 2 2 3328 72 3405 1 3407 74 3486 1 3489 65 3555 7 3570 71 3642 1 2 6 3652 70 3731 72 2 81 3885 1 3888 2 2 3893 73 3967 2 3972 1744 5718 79 5799 164 5964 638 
0
0
ANCHOR
0
1
1
100001 
0
0
BOTTOM
0
1
81
100001 100002 100003 100004 100005 100006 100007 100008 100009 100010 100011 100012 100013 100014 100015 100016 100017 100018 100019 100020 100021 100022 100023 100024 100025 100026 100027 100028 100029 100030 100031 100032 100033 100034 100035 100036 100037 100038 100039 100040 100041 100042 100043 100044 100045 100046 100047 100048 100049 100050 100051 100052 100053 100054 100055 100056 100057 100058 100059 100060 100061 100062 100063 100064 100065 100066 100067 100068 100069 100070 100071 100072 100073 100074 100075 100076 100077 100078 100079 100080 100081 
0
0
FREE_PHASE
0
1
155
252 330 411 412 656 737 2631 2632 2633 2634 2635 2696 2711 2712 2713 2715 2716 2718 2791 2792 2794 2795 2796 2797 2798 2799 2800 2801 2871 2873 2874 2875 2876 2877 2878 2881 2882 2883 2944 2945 2952 2954 2955 2956 2957 2959 2960 2961 2962 2963 2964 3025 3027 3034 3035 3036 3037 3039 3040 3041 3042 3044 3115 3117 3118 3119 3120 3121 3122 3123 3124 3125 3196 3198 3199 3200 3201 3202 3203 3205 3312 3314 3317 3318 3319 3320 3321 3322 3323 3325 3327 3400 3401 3402 3403 3404 3406 3481 3482 3483 3484 3485 3487 3488 3554 3562 3563 3564 3565 3566 3567 3568 3569 3641 3643 3644 3645 3646 3647 3649 3650 3651 3722 3723 3724 3725 3726 3727 3728 3729 3730 3803 3804 3805 3806 3807 3808 3809 3810 3811 3884 3886 3887 3889 3891 3892 3966 3969 3970 3971 5716 5717 5797 5798 5963 
0
0
TOP
0
1
81
106521 106522 106523 106524 106525 106526 106527 106528 106529 106530 106531 106532 106533 106534 106535 106536 106537 106538 106539 106540 106541 106542 106543 106544 106545 106546 106547 106548 106549 106550 106551 106552 106553 106554 106555 106556 106557 106558 106559 106560 106561 106562 106563 106564 106565 106566 106567 106568 106569 106570 106571 106572 106573 106574 106575 106576 106577 106578 106579 106580 106581 106582 106583 106584 106585 106586 106587 106588 106589 106590 106591 106592 106593 106594 106595 106596 106597 106598 106599 106600 106601 
0
0
0
0
0
