0
1
0
Assembly-1
1
PART-1-1
PART-1
1
PART-1-1
16
-2147483647
0
56 1 16 7 0 1 0 -1 -1 13202 1 -1342177277 1 6601 2 100000 
0
1
PART-1-1
14
-2147483647
0
48 1 16 5 0 1 0 -1 -1 19200 1 -1879048189 1 19200 
0
0
1
PART-1-1
3
DISP
0
1
14
-2147483647
48 1 16 5 0 1 0 -1 -1 6400 1 -1879048189 6401 6400 
0
0
PHASE
0
1
14
-2147483647
48 1 16 5 0 1 0 -1 -1 6400 1 -1879048189 1 6400 
0
0
UMATVIS
0
1
14
-2147483647
48 1 16 5 0 1 0 -1 -1 6400 1 -1879048189 12801 6400 
0
0
0
0
1
PART-1-1
3
ANCHOR
0
1
1
100001 
0
0
BOTTOM
0
1
81
100001 100002 100003 100004 100005 100006 100007 100008 100009 100010 100011 100012 100013 100014 100015 100016 100017 100018 100019 100020 100021 100022 100023 100024 100025 100026 100027 100028 100029 100030 100031 100032 100033 100034 100035 100036 100037 100038 100039 100040 100041 100042 100043 100044 100045 100046 100047 100048 100049 100050 100051 100052 100053 100054 100055 100056 100057 100058 100059 100060 100061 100062 100063 100064 100065 100066 100067 100068 100069 100070 100071 100072 100073 100074 100075 100076 100077 100078 100079 100080 100081 
0
0
TOP
0
1
81
106521 106522 106523 106524 106525 106526 106527 106528 106529 106530 106531 106532 106533 106534 106535 106536 106537 106538 106539 106540 106541 106542 106543 106544 106545 106546 106547 106548 106549 106550 106551 106552 106553 106554 106555 106556 106557 106558 106559 106560 106561 106562 106563 106564 106565 106566 106567 106568 106569 106570 106571 106572 106573 106574 106575 106576 106577 106578 106579 106580 106581 106582 106583 106584 106585 106586 106587 106588 106589 106590 106591 106592 106593 106594 106595 106596 106597 106598 106599 106600 106601 
0
0
0
0
0
