X Y
U2 RF2
0 0
0 -0
9.999999747e-05 0.01349150389
0.0001999999949 0.02698099799
0.0003000000142 0.04046616331
0.0003999999899 0.05394468084
0.0005000000237 0.06741423905
0.0006000000285 0.08087251335
0.000699999975 0.09431719035
0.0007999999798 0.1077459678
0.0008999999845 0.1211565286
0.001000000047 0.134546563
0.001099999994 0.147913754
0.001200000057 0.1612558216
0.001300000004 0.1745704561
0.00139999995 0.187855348
0.001500000013 0.2011082172
0.00159999996 0.2143267691
0.001700000023 0.2275087088
0.001799999969 0.2406517565
0.001900000032 0.2537536323
0.002000000095 0.2668120265
0.002099999925 0.2798246741
0.002199999988 0.2927893102
0.002300000051 0.30570364
0.002400000114 0.3185653985
0.002499999944 0.331372261
0.002600000007 0.3441220224
0.00270000007 0.3568122983
0.0027999999 0.3694408536
0.002899999963 0.3820053935
0.003000000026 0.3945035636
0.003100000089 0.4069330692
0.003199999919 0.4192915559
0.003299999982 0.431576699
0.003400000045 0.443786025
0.003500000108 0.4559172094
0.003599999938 0.4679677486
0.003700000001 0.4799351692
0.003800000064 0.4918169081
0.003899999894 0.5036103725
0.00400000019 0.5153128505
0.00410000002 0.5269216299
0.00419999985 0.5384337306
0.004300000146 0.5498462319
0.004399999976 0.5611558557
0.004499999806 0.5723593235
0.004600000102 0.5834529996
0.004699999932 0.5944328904
0.004800000228 0.6052948236
0.004900000058 0.6160339713
0.004999999888 0.6266450286
0.004999999888 0.6266450286
0.005100000184 0.636677146
0.005200000014 0.6469787359
0.005299999844 0.6571242809
0.00540000014 0.667100966
0.00549999997 0.6768917441
0.0055999998 0.6864728332
0.005700000096 0.6958088875
0.005799999926 0.7048419714
0.005900000222 0.7134620547
0.006000000052 0.7214058638
0.006099999882 0.7276078463
0.006200000178 0.6716503501
0.006300000008 0.5221438408
0.006399999838 0.3507948518
0.006500000134 0.1456536651
0.006599999964 0.001515064738
0.006699999794 0.001483118511
0.00680000009 0.001452515833
0.00689999992 0.001423252281
0.007000000216 0.001395230531
