Analysis initiated from SIMULIA established products
Abaqus JOB D3A3_R2_DATACHECK
Abaqus 2023
Abaqus License Manager checked out the following licenses:
Abaqus/Standard checked out 5 tokens from Flexnet server license4.imfd.tu-freiberg.de.
<271 out of 300 licenses remain available>.
Begin Compiling Abaqus/Standard User Subroutines
Thu 23 Jul 2026 07:16:48 AM CEST
Intel(R) Fortran Intel(R) 64 Compiler Classic for applications running on Intel(R) 64, Version 2021.13.0 Build 20240602_000000
Copyright (C) 1985-2024 Intel Corporation.  All rights reserved.

ifort: remark #10448: Intel(R) Fortran Compiler Classic (ifort) is now deprecated and will be discontinued late 2024. Intel recommends that customers transition now to using the LLVM-based Intel(R) Fortran Compiler (ifx) for continued Windows* and Linux* support, new language support, new language features, and optimizations. Use '-diag-disable=10448' to disable this message.
ifort: command line warning #10434: option '-extend_source' use with underscore is deprecated; use '-extend-source' instead
 Intel(R) Fortran 2021.13.0-1693
d3_transfer_uel.for(35): remark #15009: uel_ has been targeted for automatic cpu dispatch
d3_transfer_uel.for(510): remark #15009: umat_ has been targeted for automatic cpu dispatch
End Compiling Abaqus/Standard User Subroutines
Begin Linking Abaqus/Standard User Subroutines
Intel(R) Fortran Intel(R) 64 Compiler Classic for applications running on Intel(R) 64, Version 2021.13.0 Build 20240602_000000
Copyright (C) 1985-2024 Intel Corporation.  All rights reserved.

ifort: remark #10448: Intel(R) Fortran Compiler Classic (ifort) is now deprecated and will be discontinued late 2024. Intel recommends that customers transition now to using the LLVM-based Intel(R) Fortran Compiler (ifx) for continued Windows* and Linux* support, new language support, new language features, and optimizations. Use '-diag-disable=10448' to disable this message.
GNU ld version 2.30-128.el8_10
End Linking Abaqus/Standard User Subroutines
Thu 23 Jul 2026 07:16:54 AM CEST
Begin Analysis Input File Processor
Thu 23 Jul 2026 07:16:54 AM CEST
Run pre
Thu 23 Jul 2026 07:17:00 AM CEST
End Analysis Input File Processor
Begin Abaqus/Standard Datacheck
Begin Abaqus/Standard Analysis
Thu 23 Jul 2026 07:17:00 AM CEST
Run standard
forrtl: No such file or directory
forrtl: severe (29): file not found, unit 99, file /local/pbs.1377389.mmaster02/pr21vyci_D3A3_R2_DATACHECK_340791/d3_transfer_h.dat
Image              PC                Routine            Line        Source             
libifcoremt.so.5   000014F1281E07B6  for__io_return        Unknown  Unknown
libifcoremt.so.5   000014F128204CCC  for_open              Unknown  Unknown
libstandardU.so    000014F13764726E  Unknown               Unknown  Unknown
libABQSMAStaCore.  000014F14076DF1F  openfs_                   196  openfs.f
libABQSMAStaCore.  000014F14151CFC0  Unknown               Unknown  Unknown
standard           000000000042DAA4  _Z7ABQmainiPPc        Unknown  Unknown
standard           000000000042A983  main                  Unknown  Unknown
libc-2.28.so       000014F138084865  __libc_start_main     Unknown  Unknown
standard           000000000042A9BC  Unknown               Unknown  Unknown

*** ABAQUS/standard rank 0 terminated by signal 6

*** ERROR CATEGORY:  ELEMENT LOOP

Thu 23 Jul 2026 07:17:04 AM CEST
Abaqus Error: Abaqus/Standard Analysis exited with an error - Please see the 
message file for possible error messages if the file exists.
Begin SIM Wrap-up
Thu 23 Jul 2026 07:17:04 AM CEST
Run SMASimUtility
Thu 23 Jul 2026 07:17:04 AM CEST
End SIM Wrap-up
Abaqus/Analysis exited with errors
